This is pdfTeX, Version 3.14159265-2.6-1.40.19 (TeX Live 2019/dev/Debian) (preloaded format=pdflatex 2018.10.23)  12 DEC 2018 22:30
entering extended mode
 restricted \write18 enabled.
 %&-line parsing enabled.
**ExampleCodeDocumentation.tex
(./ExampleCodeDocumentation.tex
LaTeX2e <2018-04-01> patch level 5
(/usr/share/texlive/texmf-dist/tex/latex/base/article.cls
Document Class: article 2014/09/29 v1.4h Standard LaTeX document class
(/usr/share/texlive/texmf-dist/tex/latex/base/size11.clo
File: size11.clo 2014/09/29 v1.4h Standard LaTeX file (size option)
)
\c@part=\count80
\c@section=\count81
\c@subsection=\count82
\c@subsubsection=\count83
\c@paragraph=\count84
\c@subparagraph=\count85
\c@figure=\count86
\c@table=\count87
\abovecaptionskip=\skip41
\belowcaptionskip=\skip42
\bibindent=\dimen102
)
(/usr/share/texlive/texmf-dist/tex/latex/amsmath/amsmath.sty
Package: amsmath 2017/09/02 v2.17a AMS math features
\@mathmargin=\skip43

For additional information on amsmath, use the `?' option.
(/usr/share/texlive/texmf-dist/tex/latex/amsmath/amstext.sty
Package: amstext 2000/06/29 v2.01 AMS text

(/usr/share/texlive/texmf-dist/tex/latex/amsmath/amsgen.sty
File: amsgen.sty 1999/11/30 v2.0 generic functions
\@emptytoks=\toks14
\ex@=\dimen103
))
(/usr/share/texlive/texmf-dist/tex/latex/amsmath/amsbsy.sty
Package: amsbsy 1999/11/29 v1.2d Bold Symbols
\pmbraise@=\dimen104
)
(/usr/share/texlive/texmf-dist/tex/latex/amsmath/amsopn.sty
Package: amsopn 2016/03/08 v2.02 operator names
)
\inf@bad=\count88
LaTeX Info: Redefining \frac on input line 213.
\uproot@=\count89
\leftroot@=\count90
LaTeX Info: Redefining \overline on input line 375.
\classnum@=\count91
\DOTSCASE@=\count92
LaTeX Info: Redefining \ldots on input line 472.
LaTeX Info: Redefining \dots on input line 475.
LaTeX Info: Redefining \cdots on input line 596.
\Mathstrutbox@=\box26
\strutbox@=\box27
\big@size=\dimen105
LaTeX Font Info:    Redeclaring font encoding OML on input line 712.
LaTeX Font Info:    Redeclaring font encoding OMS on input line 713.
\macc@depth=\count93
\c@MaxMatrixCols=\count94
\dotsspace@=\muskip10
\c@parentequation=\count95
\dspbrk@lvl=\count96
\tag@help=\toks15
\row@=\count97
\column@=\count98
\maxfields@=\count99
\andhelp@=\toks16
\eqnshift@=\dimen106
\alignsep@=\dimen107
\tagshift@=\dimen108
\tagwidth@=\dimen109
\totwidth@=\dimen110
\lineht@=\dimen111
\@envbody=\toks17
\multlinegap=\skip44
\multlinetaggap=\skip45
\mathdisplay@stack=\toks18
LaTeX Info: Redefining \[ on input line 2817.
LaTeX Info: Redefining \] on input line 2818.
)
(/usr/share/texlive/texmf-dist/tex/latex/amsfonts/amsfonts.sty
Package: amsfonts 2013/01/14 v3.01 Basic AMSFonts support
\symAMSa=\mathgroup4
\symAMSb=\mathgroup5
LaTeX Font Info:    Overwriting math alphabet `\mathfrak' in version `bold'
(Font)                  U/euf/m/n --> U/euf/b/n on input line 106.
)
(/usr/share/texlive/texmf-dist/tex/latex/amsfonts/amssymb.sty
Package: amssymb 2013/01/14 v3.01 AMS font symbols
)
(/usr/share/texlive/texmf-dist/tex/latex/amscls/amsthm.sty
Package: amsthm 2017/10/31 v2.20.4
\thm@style=\toks19
\thm@bodyfont=\toks20
\thm@headfont=\toks21
\thm@notefont=\toks22
\thm@headpunct=\toks23
\thm@preskip=\skip46
\thm@postskip=\skip47
\thm@headsep=\skip48
\dth@everypar=\toks24
)
(/usr/share/texlive/texmf-dist/tex/latex/graphics/graphics.sty
Package: graphics 2017/06/25 v1.2c Standard LaTeX Graphics (DPC,SPQR)

(/usr/share/texlive/texmf-dist/tex/latex/graphics/trig.sty
Package: trig 2016/01/03 v1.10 sin cos tan (DPC)
)
(/usr/share/texlive/texmf-dist/tex/latex/graphics-cfg/graphics.cfg
File: graphics.cfg 2016/06/04 v1.11 sample graphics configuration
)
Package graphics Info: Driver file: pdftex.def on input line 99.

(/usr/share/texlive/texmf-dist/tex/latex/graphics-def/pdftex.def
File: pdftex.def 2018/01/08 v1.0l Graphics/color driver for pdftex
))
(/usr/share/texlive/texmf-dist/tex/latex/graphics/graphicx.sty
Package: graphicx 2017/06/01 v1.1a Enhanced LaTeX Graphics (DPC,SPQR)

(/usr/share/texlive/texmf-dist/tex/latex/graphics/keyval.sty
Package: keyval 2014/10/28 v1.15 key=value parser (DPC)
\KV@toks@=\toks25
)
\Gin@req@height=\dimen112
\Gin@req@width=\dimen113
)
(/usr/share/texlive/texmf-dist/tex/latex/hyperref/hyperref.sty
Package: hyperref 2018/02/06 v6.86b Hypertext links for LaTeX

(/usr/share/texlive/texmf-dist/tex/generic/oberdiek/hobsub-hyperref.sty
Package: hobsub-hyperref 2016/05/16 v1.14 Bundle oberdiek, subset hyperref (HO)


(/usr/share/texlive/texmf-dist/tex/generic/oberdiek/hobsub-generic.sty
Package: hobsub-generic 2016/05/16 v1.14 Bundle oberdiek, subset generic (HO)
Package: hobsub 2016/05/16 v1.14 Construct package bundles (HO)
Package: infwarerr 2016/05/16 v1.4 Providing info/warning/error messages (HO)
Package: ltxcmds 2016/05/16 v1.23 LaTeX kernel commands for general use (HO)
Package: ifluatex 2016/05/16 v1.4 Provides the ifluatex switch (HO)
Package ifluatex Info: LuaTeX not detected.
Package: ifvtex 2016/05/16 v1.6 Detect VTeX and its facilities (HO)
Package ifvtex Info: VTeX not detected.
Package: intcalc 2016/05/16 v1.2 Expandable calculations with integers (HO)
Package: ifpdf 2017/03/15 v3.2 Provides the ifpdf switch
Package: etexcmds 2016/05/16 v1.6 Avoid name clashes with e-TeX commands (HO)
Package: kvsetkeys 2016/05/16 v1.17 Key value parser (HO)
Package: kvdefinekeys 2016/05/16 v1.4 Define keys (HO)
Package: pdftexcmds 2018/01/30 v0.27 Utility functions of pdfTeX for LuaTeX (HO
)
Package pdftexcmds Info: LuaTeX not detected.
Package pdftexcmds Info: \pdf@primitive is available.
Package pdftexcmds Info: \pdf@ifprimitive is available.
Package pdftexcmds Info: \pdfdraftmode found.
Package: pdfescape 2016/05/16 v1.14 Implements pdfTeX's escape features (HO)
Package: bigintcalc 2016/05/16 v1.4 Expandable calculations on big integers (HO
)
Package: bitset 2016/05/16 v1.2 Handle bit-vector datatype (HO)
Package: uniquecounter 2016/05/16 v1.3 Provide unlimited unique counter (HO)
)
Package hobsub Info: Skipping package `hobsub' (already loaded).
Package: letltxmacro 2016/05/16 v1.5 Let assignment for LaTeX macros (HO)
Package: hopatch 2016/05/16 v1.3 Wrapper for package hooks (HO)
Package: xcolor-patch 2016/05/16 xcolor patch
Package: atveryend 2016/05/16 v1.9 Hooks at the very end of document (HO)
Package atveryend Info: \enddocument detected (standard20110627).
Package: atbegshi 2016/06/09 v1.18 At begin shipout hook (HO)
Package: refcount 2016/05/16 v3.5 Data extraction from label references (HO)
Package: hycolor 2016/05/16 v1.8 Color options for hyperref/bookmark (HO)
)
(/usr/share/texlive/texmf-dist/tex/generic/ifxetex/ifxetex.sty
Package: ifxetex 2010/09/12 v0.6 Provides ifxetex conditional
)
(/usr/share/texlive/texmf-dist/tex/latex/oberdiek/auxhook.sty
Package: auxhook 2016/05/16 v1.4 Hooks for auxiliary files (HO)
)
(/usr/share/texlive/texmf-dist/tex/latex/oberdiek/kvoptions.sty
Package: kvoptions 2016/05/16 v3.12 Key value format for package options (HO)
)
\@linkdim=\dimen114
\Hy@linkcounter=\count100
\Hy@pagecounter=\count101

(/usr/share/texlive/texmf-dist/tex/latex/hyperref/pd1enc.def
File: pd1enc.def 2018/02/06 v6.86b Hyperref: PDFDocEncoding definition (HO)
Now handling font encoding PD1 ...
... no UTF-8 mapping file for font encoding PD1
)
\Hy@SavedSpaceFactor=\count102

(/usr/share/texlive/texmf-dist/tex/latex/latexconfig/hyperref.cfg
File: hyperref.cfg 2002/06/06 v1.2 hyperref configuration of TeXLive
)
Package hyperref Info: Hyper figures OFF on input line 4509.
Package hyperref Info: Link nesting OFF on input line 4514.
Package hyperref Info: Hyper index ON on input line 4517.
Package hyperref Info: Plain pages OFF on input line 4524.
Package hyperref Info: Backreferencing OFF on input line 4529.
Package hyperref Info: Implicit mode ON; LaTeX internals redefined.
Package hyperref Info: Bookmarks ON on input line 4762.
\c@Hy@tempcnt=\count103

(/usr/share/texlive/texmf-dist/tex/latex/url/url.sty
\Urlmuskip=\muskip11
Package: url 2013/09/16  ver 3.4  Verb mode for urls, etc.
)
LaTeX Info: Redefining \url on input line 5115.
\XeTeXLinkMargin=\dimen115
\Fld@menulength=\count104
\Field@Width=\dimen116
\Fld@charsize=\dimen117
Package hyperref Info: Hyper figures OFF on input line 6369.
Package hyperref Info: Link nesting OFF on input line 6374.
Package hyperref Info: Hyper index ON on input line 6377.
Package hyperref Info: backreferencing OFF on input line 6384.
Package hyperref Info: Link coloring OFF on input line 6389.
Package hyperref Info: Link coloring with OCG OFF on input line 6394.
Package hyperref Info: PDF/A mode OFF on input line 6399.
LaTeX Info: Redefining \ref on input line 6439.
LaTeX Info: Redefining \pageref on input line 6443.
\Hy@abspage=\count105
\c@Item=\count106
\c@Hfootnote=\count107
)
Package hyperref Info: Driver (autodetected): hpdftex.

(/usr/share/texlive/texmf-dist/tex/latex/hyperref/hpdftex.def
File: hpdftex.def 2018/02/06 v6.86b Hyperref driver for pdfTeX
\Fld@listcount=\count108
\c@bookmark@seq@number=\count109

(/usr/share/texlive/texmf-dist/tex/latex/oberdiek/rerunfilecheck.sty
Package: rerunfilecheck 2016/05/16 v1.8 Rerun checks for auxiliary files (HO)
Package uniquecounter Info: New unique counter `rerunfilecheck' on input line 2
82.
)
\Hy@SectionHShift=\skip49
)
(/usr/share/texlive/texmf-dist/tex/latex/geometry/geometry.sty
Package: geometry 2018/04/16 v5.8 Page Geometry
\Gm@cnth=\count110
\Gm@cntv=\count111
\c@Gm@tempcnt=\count112
\Gm@bindingoffset=\dimen118
\Gm@wd@mp=\dimen119
\Gm@odd@mp=\dimen120
\Gm@even@mp=\dimen121
\Gm@layoutwidth=\dimen122
\Gm@layoutheight=\dimen123
\Gm@layouthoffset=\dimen124
\Gm@layoutvoffset=\dimen125
\Gm@dimlist=\toks26
)
\c@theorem=\count113


Package amsthm Warning: Unknown theoremstyle `lemma' on input line 75.

\c@prop=\count114
\c@proposition=\count115
\c@corollary=\count116
\c@definition=\count117
\c@exercise=\count118
\c@algorithm=\count119
\c@question=\count120
\c@remark=\count121
\c@rmk=\count122
\c@example=\count123

Package amsthm Warning: Unknown theoremstyle `lemma' on input line 88.

\c@lemma=\count124

LaTeX Warning: Unused global option(s):
    [fullpage].

(./ExampleCodeDocumentation.aux)
\openout1 = `ExampleCodeDocumentation.aux'.

LaTeX Font Info:    Checking defaults for OML/cmm/m/it on input line 91.
LaTeX Font Info:    ... okay on input line 91.
LaTeX Font Info:    Checking defaults for T1/cmr/m/n on input line 91.
LaTeX Font Info:    ... okay on input line 91.
LaTeX Font Info:    Checking defaults for OT1/cmr/m/n on input line 91.
LaTeX Font Info:    ... okay on input line 91.
LaTeX Font Info:    Checking defaults for OMS/cmsy/m/n on input line 91.
LaTeX Font Info:    ... okay on input line 91.
LaTeX Font Info:    Checking defaults for OMX/cmex/m/n on input line 91.
LaTeX Font Info:    ... okay on input line 91.
LaTeX Font Info:    Checking defaults for U/cmr/m/n on input line 91.
LaTeX Font Info:    ... okay on input line 91.
LaTeX Font Info:    Checking defaults for PD1/pdf/m/n on input line 91.
LaTeX Font Info:    ... okay on input line 91.

(/usr/share/texlive/texmf-dist/tex/context/base/mkii/supp-pdf.mkii
[Loading MPS to PDF converter (version 2006.09.02).]
\scratchcounter=\count125
\scratchdimen=\dimen126
\scratchbox=\box28
\nofMPsegments=\count126
\nofMParguments=\count127
\everyMPshowfont=\toks27
\MPscratchCnt=\count128
\MPscratchDim=\dimen127
\MPnumerator=\count129
\makeMPintoPDFobject=\count130
\everyMPtoPDFconversion=\toks28
) (/usr/share/texlive/texmf-dist/tex/latex/oberdiek/epstopdf-base.sty
Package: epstopdf-base 2016/05/15 v2.6 Base part for package epstopdf

(/usr/share/texlive/texmf-dist/tex/latex/oberdiek/grfext.sty
Package: grfext 2016/05/16 v1.2 Manage graphics extensions (HO)
)
Package epstopdf-base Info: Redefining graphics rule for `.eps' on input line 4
38.
Package grfext Info: Graphics extension search list:
(grfext)             [.pdf,.png,.jpg,.mps,.jpeg,.jbig2,.jb2,.PDF,.PNG,.JPG,.JPE
G,.JBIG2,.JB2,.eps]
(grfext)             \AppendGraphicsExtensions on input line 456.

(/usr/share/texlive/texmf-dist/tex/latex/latexconfig/epstopdf-sys.cfg
File: epstopdf-sys.cfg 2010/07/13 v1.3 Configuration of (r)epstopdf for TeX Liv
e
))
\AtBeginShipoutBox=\box29
Package hyperref Info: Link coloring OFF on input line 91.

(/usr/share/texlive/texmf-dist/tex/latex/hyperref/nameref.sty
Package: nameref 2016/05/21 v2.44 Cross-referencing by name of section

(/usr/share/texlive/texmf-dist/tex/generic/oberdiek/gettitlestring.sty
Package: gettitlestring 2016/05/16 v1.5 Cleanup title references (HO)
)
\c@section@level=\count131
)
LaTeX Info: Redefining \ref on input line 91.
LaTeX Info: Redefining \pageref on input line 91.
LaTeX Info: Redefining \nameref on input line 91.

(./ExampleCodeDocumentation.out) (./ExampleCodeDocumentation.out)
\@outlinefile=\write3
\openout3 = `ExampleCodeDocumentation.out'.


*geometry* driver: auto-detecting
*geometry* detected driver: pdftex
*geometry* verbose mode - [ preamble ] result:
* driver: pdftex
* paper: <default>
* layout: <same size as paper>
* layoutoffset:(h,v)=(0.0pt,0.0pt)
* modes: 
* h-part:(L,W,R)=(71.13188pt, 472.03123pt, 71.13188pt)
* v-part:(T,H,B)=(71.13188pt, 652.70622pt, 71.13188pt)
* \paperwidth=614.295pt
* \paperheight=794.96999pt
* \textwidth=472.03123pt
* \textheight=652.70622pt
* \oddsidemargin=-1.1381pt
* \evensidemargin=-1.1381pt
* \topmargin=-38.1381pt
* \headheight=12.0pt
* \headsep=25.0pt
* \topskip=11.0pt
* \footskip=30.0pt
* \marginparwidth=59.0pt
* \marginparsep=10.0pt
* \columnsep=10.0pt
* \skip\footins=10.0pt plus 4.0pt minus 2.0pt
* \hoffset=0.0pt
* \voffset=0.0pt
* \mag=1000
* \@twocolumnfalse
* \@twosidefalse
* \@mparswitchfalse
* \@reversemarginfalse
* (1in=72.27pt=25.4mm, 1cm=28.453pt)

<Step1-1.png, id=5, 233.90613pt x 231.41777pt>
File: Step1-1.png Graphic file (type png)
<use Step1-1.png>
Package pdftex.def Info: Step1-1.png  used on input line 110.
(pdftex.def)             Requested size: 105.25677pt x 104.13702pt.
LaTeX Font Info:    Try loading font information for U+msa on input line 111.
(/usr/share/texlive/texmf-dist/tex/latex/amsfonts/umsa.fd
File: umsa.fd 2013/01/14 v3.01 AMS symbols A
)
LaTeX Font Info:    Try loading font information for U+msb on input line 111.

(/usr/share/texlive/texmf-dist/tex/latex/amsfonts/umsb.fd
File: umsb.fd 2013/01/14 v3.01 AMS symbols B
)
<Step1-2.png, id=6, 233.90613pt x 231.41777pt>
File: Step1-2.png Graphic file (type png)
<use Step1-2.png>
Package pdftex.def Info: Step1-2.png  used on input line 114.
(pdftex.def)             Requested size: 105.25677pt x 104.13702pt.

Overfull \hbox (19.39726pt too wide) in paragraph at lines 108--116
[]$[]$$[]$ 
 []

<Step2-1.png, id=7, 497.34193pt x 369.0383pt>
File: Step2-1.png Graphic file (type png)
<use Step2-1.png>
Package pdftex.def Info: Step2-1.png  used on input line 124.
(pdftex.def)             Requested size: 223.80179pt x 166.06569pt.
<Step2-2.png, id=8, 497.34193pt x 369.0383pt>
File: Step2-2.png Graphic file (type png)
<use Step2-2.png>
Package pdftex.def Info: Step2-2.png  used on input line 128.
(pdftex.def)             Requested size: 223.80179pt x 166.06569pt.

Overfull \hbox (19.39726pt too wide) in paragraph at lines 122--130
[]$[]$$[]$ 
 []

[1

{/var/lib/texmf/fonts/map/pdftex/updmap/pdftex.map} <./Step1-1.png (PNG copy)> 
<./Step1-2.png (PNG copy)> <./Step2-1.png (PNG copy)> <./Step2-2.png (PNG copy)
>]
<Step3-gnuplot.png, id=19, 446.05354pt x 320.60202pt>
File: Step3-gnuplot.png Graphic file (type png)
<use Step3-gnuplot.png>
Package pdftex.def Info: Step3-gnuplot.png  used on input line 145.
(pdftex.def)             Requested size: 200.72223pt x 144.26956pt.
<Step3-visit.png, id=20, 225.9642pt x 206.2104pt>
File: Step3-visit.png Graphic file (type png)
<use Step3-visit.png>
Package pdftex.def Info: Step3-visit.png  used on input line 149.
(pdftex.def)             Requested size: 158.17384pt x 144.34628pt.

Overfull \hbox (19.39726pt too wide) in paragraph at lines 143--151
[]$[]$$[]$ 
 []

[2 <./Step3-gnuplot.png> <./Step3-visit.png>]
<Step4-2d.png, id=30, 212.4738pt x 192.72pt>
File: Step4-2d.png Graphic file (type png)
<use Step4-2d.png>
Package pdftex.def Info: Step4-2d.png  used on input line 175.
(pdftex.def)             Requested size: 148.73064pt x 134.90306pt.
<Step4-3d.png, id=31, 246.6816pt x 215.8464pt>
File: Step4-3d.png Graphic file (type png)
<use Step4-3d.png>
Package pdftex.def Info: Step4-3d.png  used on input line 181.
(pdftex.def)             Requested size: 172.67593pt x 151.09145pt.
<Step4-3dcon.png, id=32, 246.6816pt x 220.1826pt>
File: Step4-3dcon.png Graphic file (type png)
<use Step4-3dcon.png>
Package pdftex.def Info: Step4-3dcon.png  used on input line 185.
(pdftex.def)             Requested size: 172.67593pt x 154.12675pt.

Overfull \hbox (19.39726pt too wide) in paragraph at lines 179--187
[]$[]$$[]$ 
 []

[3

 <./Step4-2d.png> <./Step4-3d.png> <./Step4-3dcon.png>]
<Step5-1.png, id=39, 341.47575pt x 227.04825pt>
File: Step5-1.png Graphic file (type png)
<use Step5-1.png>
Package pdftex.def Info: Step5-1.png  used on input line 210.
(pdftex.def)             Requested size: 170.73746pt x 113.52383pt.
<Step5-2.png, id=40, 330.033pt x 209.583pt>
File: Step5-2.png Graphic file (type png)
<use Step5-2.png>
Package pdftex.def Info: Step5-2.png  used on input line 214.
(pdftex.def)             Requested size: 165.01608pt x 104.79123pt.
<Step5-3.png, id=41, 343.2825pt x 208.3785pt>
File: Step5-3.png Graphic file (type png)
<use Step5-3.png>
Package pdftex.def Info: Step5-3.png  used on input line 218.
(pdftex.def)             Requested size: 171.64082pt x 104.18898pt.
<Step5-4.png, id=42, 333.6465pt x 213.79875pt>
File: Step5-4.png Graphic file (type png)
<use Step5-4.png>
Package pdftex.def Info: Step5-4.png  used on input line 222.
(pdftex.def)             Requested size: 166.82283pt x 106.89911pt.

Overfull \hbox (50.11388pt too wide) in paragraph at lines 208--224
[]$[]$$[]$
 []


Overfull \hbox (50.11388pt too wide) in paragraph at lines 208--224
[]$$[]$ 
 []

[4

 <./Step5-1.png> <./Step5-2.png> <./Step5-3.png> <./Step5-4.png>]
<Step6-1.png, id=49, 1220.56pt x 1043.9pt>
File: Step6-1.png Graphic file (type png)
<use Step6-1.png>
Package pdftex.def Info: Step6-1.png  used on input line 246.
(pdftex.def)             Requested size: 146.46088pt x 125.26259pt.
<Step6-2.png, id=50, 1220.56pt x 1043.9pt>
File: Step6-2.png Graphic file (type png)
<use Step6-2.png>
Package pdftex.def Info: Step6-2.png  used on input line 250.
(pdftex.def)             Requested size: 146.46088pt x 125.26259pt.
<Step6-3.png, id=51, 1220.56pt x 1043.9pt>
File: Step6-3.png Graphic file (type png)
<use Step6-3.png>
Package pdftex.def Info: Step6-3.png  used on input line 254.
(pdftex.def)             Requested size: 146.46088pt x 125.26259pt.
<Step6-4.png, id=52, 1220.56pt x 1043.9pt>
File: Step6-4.png Graphic file (type png)
<use Step6-4.png>
Package pdftex.def Info: Step6-4.png  used on input line 258.
(pdftex.def)             Requested size: 146.46088pt x 125.26259pt.

Overfull \hbox (50.11388pt too wide) in paragraph at lines 244--260
[]$[]$$[]$
 []


Overfull \hbox (50.11388pt too wide) in paragraph at lines 244--260
[]$$[]$ 
 []

<Step6-5.png, id=53, 1220.56pt x 1043.9pt>
File: Step6-5.png Graphic file (type png)
<use Step6-5.png>
Package pdftex.def Info: Step6-5.png  used on input line 264.
(pdftex.def)             Requested size: 146.46088pt x 125.26259pt.
<Step6-6.png, id=54, 1220.56pt x 1043.9pt>
File: Step6-6.png Graphic file (type png)
<use Step6-6.png>
Package pdftex.def Info: Step6-6.png  used on input line 268.
(pdftex.def)             Requested size: 146.46088pt x 125.26259pt.
<Step6-7.png, id=55, 1220.56pt x 1043.9pt>
File: Step6-7.png Graphic file (type png)
<use Step6-7.png>
Package pdftex.def Info: Step6-7.png  used on input line 272.
(pdftex.def)             Requested size: 146.46088pt x 125.26259pt.
<Step6-8.png, id=56, 1220.56pt x 1043.9pt>
File: Step6-8.png Graphic file (type png)
<use Step6-8.png>
Package pdftex.def Info: Step6-8.png  used on input line 276.
(pdftex.def)             Requested size: 146.46088pt x 125.26259pt.

Overfull \hbox (50.11388pt too wide) in paragraph at lines 262--278
[]$[]$$[]$
 []


Overfull \hbox (50.11388pt too wide) in paragraph at lines 262--278
[]$$[]$ 
 []

[5 <./Step6-1.png (PNG copy)> <./Step6-2.png (PNG copy)> <./Step6-3.png (PNG co
py)> <./Step6-4.png (PNG copy)> <./Step6-5.png (PNG copy)> <./Step6-6.png (PNG 
copy)> <./Step6-7.png (PNG copy)> <./Step6-8.png (PNG copy)>] [6

] [7

]
<Step20.png, id=80, 1027.84pt x 983.675pt>
File: Step20.png Graphic file (type png)
<use Step20.png>
Package pdftex.def Info: Step20.png  used on input line 393.
(pdftex.def)             Requested size: 256.95937pt x 245.91815pt.

(./ExampleCodeDocumentation.bbl [8 <./Step20.png (PNG copy)>])
Package atveryend Info: Empty hook `BeforeClearDocument' on input line 414.
 [9]
Package atveryend Info: Empty hook `AfterLastShipout' on input line 414.

(./ExampleCodeDocumentation.aux)
Package atveryend Info: Executing hook `AtVeryEndDocument' on input line 414.
Package atveryend Info: Executing hook `AtEndAfterFileList' on input line 414.
Package rerunfilecheck Info: File `ExampleCodeDocumentation.out' has not change
d.
(rerunfilecheck)             Checksum: D41D8CD98F00B204E9800998ECF8427E;0.
Package atveryend Info: Empty hook `AtVeryVeryEnd' on input line 414.
 ) 
Here is how much of TeX's memory you used:
 6632 strings out of 494510
 94287 string characters out of 6176139
 191246 words of memory out of 5000000
 10173 multiletter control sequences out of 15000+600000
 10776 words of font info for 40 fonts, out of 8000000 for 9000
 59 hyphenation exceptions out of 8191
 28i,9n,25p,1019b,437s stack positions out of 5000i,500n,10000p,200000b,80000s
</usr/share/texlive/texmf-dist/fonts/type1/public/amsfonts/cm/cmbx10.pfb></us
r/share/texlive/texmf-dist/fonts/type1/public/amsfonts/cm/cmbx12.pfb></usr/shar
e/texlive/texmf-dist/fonts/type1/public/amsfonts/cm/cmcsc10.pfb></usr/share/tex
live/texmf-dist/fonts/type1/public/amsfonts/cm/cmex10.pfb></usr/share/texlive/t
exmf-dist/fonts/type1/public/amsfonts/cm/cmmi10.pfb></usr/share/texlive/texmf-d
ist/fonts/type1/public/amsfonts/cm/cmmi8.pfb></usr/share/texlive/texmf-dist/fon
ts/type1/public/amsfonts/cm/cmr10.pfb></usr/share/texlive/texmf-dist/fonts/type
1/public/amsfonts/cm/cmr8.pfb></usr/share/texlive/texmf-dist/fonts/type1/public
/amsfonts/cm/cmsy10.pfb></usr/share/texlive/texmf-dist/fonts/type1/public/amsfo
nts/cm/cmsy8.pfb></usr/share/texlive/texmf-dist/fonts/type1/public/amsfonts/cm/
cmti10.pfb></usr/share/texlive/texmf-dist/fonts/type1/public/amsfonts/symbols/m
sbm10.pfb>
Output written on ExampleCodeDocumentation.pdf (9 pages, 2782960 bytes).
PDF statistics:
 139 PDF objects out of 1000 (max. 8388607)
 93 compressed objects within 1 object stream
 26 named destinations out of 1000 (max. 500000)
 111 words of extra memory for PDF output out of 10000 (max. 10000000)

